Arguments: 
  /Users/dev/.nvm/versions/node/v18.16.0/bin/node /Users/dev/.nvm/versions/node/v18.16.0/lib/node_modules/yarn/lib/cli.js add xlxs

PATH: 
  /Users/dev/.nvm/versions/node/v18.16.0/bin:/Users/dev/.pyenv/plugins/pyenv-virtualenv/shims:/Users/dev/.pyenv/shims:/Users/dev/.pyenv/bin:/opt/homebrew/bin:/opt/homebrew/sbin:/usr/local/bin:/System/Cryptexes/App/usr/bin:/usr/bin:/bin:/usr/sbin:/sbin:/Users/dev/.antigen/bundles/robbyrussell/oh-my-zsh/lib:/Users/dev/.antigen/bundles/romkatv/powerlevel10k:/Users/dev/.antigen/bundles/robbyrussell/oh-my-zsh/plugins/brew:/Users/dev/.antigen/bundles/robbyrussell/oh-my-zsh/plugins/fig:/Users/dev/.antigen/bundles/dgnest/zsh-gvm-plugin:/Users/dev/.antigen/bundles/lukechilds/zsh-nvm:/Users/dev/.antigen/bundles/mattberther/zsh-pyenv:/Users/dev/.antigen/bundles/robbyrussell/oh-my-zsh/plugins/aliases:/Users/dev/.antigen/bundles/robbyrussell/oh-my-zsh/plugins/colored-man-pages:/Users/dev/.antigen/bundles/robbyrussell/oh-my-zsh/plugins/colorize:/Users/dev/.antigen/bundles/robbyrussell/oh-my-zsh/plugins/command-not-found:/Users/dev/.antigen/bundles/robbyrussell/oh-my-zsh/plugins/common-aliases:/Users/dev/.antigen/bundles/robbyrussell/oh-my-zsh/plugins/copybuffer:/Users/dev/.antigen/bundles/robbyrussell/oh-my-zsh/plugins/copyfile:/Users/dev/.antigen/bundles/robbyrussell/oh-my-zsh/plugins/dotenv:/Users/dev/.antigen/bundles/robbyrussell/oh-my-zsh/plugins/safe-paste:/Users/dev/.antigen/bundles/robbyrussell/oh-my-zsh/plugins/thefuck:/Users/dev/.antigen/bundles/robbyrussell/oh-my-zsh/plugins/timer:/Users/dev/.antigen/bundles/robbyrussell/oh-my-zsh/plugins/zsh-interactive-cd:/Users/dev/.antigen/bundles/robbyrussell/oh-my-zsh/plugins/gcloud:/Users/dev/.antigen/bundles/robbyrussell/oh-my-zsh/plugins/git:/Users/dev/.antigen/bundles/robbyrussell/oh-my-zsh/plugins/gitfast:/Users/dev/.antigen/bundles/robbyrussell/oh-my-zsh/plugins/jira:/Users/dev/.antigen/bundles/robbyrussell/oh-my-zsh/plugins/npm:/Users/dev/.antigen/bundles/robbyrussell/oh-my-zsh/plugins/redis-cli:/Users/dev/.antigen/bundles/robbyrussell/oh-my-zsh/plugins/transfer:/Users/dev/.antigen/bundles/mfaerevaag/wd:/Users/dev/.antigen/bundles/mroth/evalcache:/Users/dev/.antigen/bundles/zsh-users/zsh-syntax-highlighting

Yarn version: 
  1.22.19

Node version: 
  18.16.0

Platform: 
  darwin arm64

Trace: 
  Error: https://registry.yarnpkg.com/xlxs: Not found
      at params.callback [as _callback] (/Users/dev/.nvm/versions/node/v18.16.0/lib/node_modules/yarn/lib/cli.js:66145:18)
      at self.callback (/Users/dev/.nvm/versions/node/v18.16.0/lib/node_modules/yarn/lib/cli.js:140890:22)
      at Request.emit (node:events:513:28)
      at Request.<anonymous> (/Users/dev/.nvm/versions/node/v18.16.0/lib/node_modules/yarn/lib/cli.js:141862:10)
      at Request.emit (node:events:513:28)
      at IncomingMessage.<anonymous> (/Users/dev/.nvm/versions/node/v18.16.0/lib/node_modules/yarn/lib/cli.js:141784:12)
      at Object.onceWrapper (node:events:627:28)
      at IncomingMessage.emit (node:events:525:35)
      at endReadableNT (node:internal/streams/readable:1359:12)
      at process.processTicksAndRejections (node:internal/process/task_queues:82:21)

npm manifest: 
  {
    "name": "kordis-spreadsheet-api",
    "version": "1.0.0",
    "main": "index.js",
    "author": "waseem",
    "license": "MIT",
    "private": true,
    "scripts": {
      "dev": "node index.js"
    }
  }

yarn manifest: 
  No manifest

Lockfile: 
  No lockfile
